#
# A fatal error has been detected by the Java Runtime Environment:
#
#  SIGSEGV (0xb) at pc=0x00007fff9a9c04dd, pid=22552, tid=0x000000000000a11f
#
# JRE version: Java(TM) SE Runtime Environment (8.0_121-b13) (build 1.8.0_121-b13)
# Java VM: Java HotSpot(TM) 64-Bit Server VM (25.121-b13 mixed mode bsd-amd64 compressed oops)
# Problematic frame:
# C  [libobjc.A.dylib+0x14dd]  objc_msgSend+0x1d
#
# Failed to write core dump. Core dumps have been disabled. To enable core dumping, try "ulimit -c unlimited" before starting Java again
#
# If you would like to submit a bug report, please visit:
#   http://bugreport.java.com/bugreport/crash.jsp
#

---------------  T H R E A D  ---------------

Current thread is native thread

siginfo: si_signo: 11 (SIGSEGV), si_code: 1 (SEGV_MAPERR), si_addr: 0x0000080400030118

Registers:
RAX=0x00000000818b0000, RBX=0x00007fa817cee9c0, RCX=0x0020080400030100, RDX=0x0000000000000300
RSP=0x00007000018645c8, RBP=0x0000700001864600, RSI=0x00007fff9b182f35, RDI=0x00007fa817cee9c0
R8 =0x0000000000000000, R9 =0x00007fa812213970, R10=0x00007fff9b182f35, R11=0x0000080400030100
R12=0x00007fa817dce050, R13=0x00007fa817dce050, R14=0x0000000000000016, R15=0x0000000000000001
RIP=0x00007fff9a9c04dd, EFLAGS=0x0000000000010206, ERR=0x0000000000000004
  TRAPNO=0x000000000000000e

Top of Stack: (sp=0x00007000018645c8)
0x00007000018645c8:   00007fff8ea84b8e 00007fa817cee9c0
0x00007000018645d8:   00007fa817cee9c0 00007fa817cee9c0
0x00007000018645e8:   00007fa817dce050 0000000000000016
0x00007000018645f8:   00007fa818ad3218 0000700001864660
0x0000700001864608:   00007fff8ea83ac3 00007fff7bf98708
0x0000700001864618:   00007fa817dce098 00007fa812213970
0x0000700001864628:   0000000000004014 00007fa817cee9c0
0x0000700001864638:   0000000000000010 0000000000004014
0x0000700001864648:   00007fa817dcdb20 00007fa817cee9c0
0x0000700001864658:   00007fa812213970 00007000018646a0
0x0000700001864668:   00007fff9ad8b731 0000000000004014
0x0000700001864678:   00007fa812213970 00007fa818b79600
0x0000700001864688:   00007fa817dcdb20 00007fa817cee9c0
0x0000700001864698:   00007fff9a9c04c0 00007000018646e0
0x00007000018646a8:   00007fff8f1f9e30 00007fa818b60b20
0x00007000018646b8:   00007fa818ba99b0 00007fa812026f40
0x00007000018646c8:   00007fa81221a0f0 00007fa818b60b20
0x00007000018646d8:   00007fa818b79600 00007000018647c0
0x00007000018646e8:   00007fff8f1f9ad4 0000000000000004
0x00007000018646f8:   00007fa817dcc1e0 4040000000000000
0x0000700001864708:   00007fa817dcdb20 0000000000000000
0x0000700001864718:   0000700001864710 0000002000000000
0x0000700001864728:   0000000000000000 2e254b5b947d4297
0x0000700001864738:   873c77f6f679bf05 a9193cad6204fd92
0x0000700001864748:   4031000000000000 4040000000000000
0x0000700001864758:   4040000000000000 000013a200000002
0x0000700001864768:   0000138500007d7e 000000001eb86e4c
0x0000700001864778:   29c45c0b228bc29a 6c02c3e273efb365
0x0000700001864788:   00007fff943d5462 8c0064036a6dcc15
0x0000700001864798:   00007fa812026f40 00007fa812026f40
0x00007000018647a8:   0000000000000000 00007fa818b60b20
0x00007000018647b8:   0000700001864858 0000700001864820 

Instructions: (pc=0x00007fff9a9c04dd)
0x00007fff9a9c04bd:   44 00 00 48 85 ff 2e 74 62 40 f6 c7 01 2e 75 66
0x00007fff9a9c04cd:   49 bb f8 ff ff ff ff 7f 00 00 4c 23 1f 49 89 f2
0x00007fff9a9c04dd:   45 23 53 18 49 c1 e2 04 4d 03 53 10 49 3b 32 75
0x00007fff9a9c04ed:   04 41 ff 62 08 49 83 3a 01 76 0d 49 83 c2 10 49 

Register to memory mapping:

RAX=0x00000000818b0000 is an unknown value
RBX=0x00007fa817cee9c0 is an unknown value
RCX=0x0020080400030100 is an unknown value
RDX=0x0000000000000300 is an unknown value
RSP=0x00007000018645c8 is an unknown value
RBP=0x0000700001864600 is an unknown value
RSI=0x00007fff9b182f35: CreateStringFromFileSystemRepresentationByAddingPercentEscapes.hexchars+0x149d5 in /System/Library/Frameworks/CoreFoundation.framework/Versions/A/CoreFoundation at 0x00007fff9ad22000
RDI=0x00007fa817cee9c0 is an unknown value
R8 =0x0000000000000000 is an unknown value
R9 =0x00007fa812213970 is an unknown value
R10=0x00007fff9b182f35: CreateStringFromFileSystemRepresentationByAddingPercentEscapes.hexchars+0x149d5 in /System/Library/Frameworks/CoreFoundation.framework/Versions/A/CoreFoundation at 0x00007fff9ad22000
R11=0x0000080400030100 is an unknown value
R12=0x00007fa817dce050 is an unknown value
R13=0x00007fa817dce050 is an unknown value
R14=0x0000000000000016 is an unknown value
R15=0x0000000000000001 is an unknown value


Stack: [0x00007000017e5000,0x0000700001865000],  sp=0x00007000018645c8,  free space=509k
Native frames: (J=compiled Java code, j=interpreted, Vv=VM code, C=native code)
C  [libobjc.A.dylib+0x14dd]  objc_msgSend+0x1d
C  [libcache.dylib+0x1ac3]  cache_set_and_retain+0x3ec
C  [CoreFoundation+0x69731]  -[NSCache setObject:forKey:cost:]+0xf1
C  [IconServices+0x16e30]  -[ISIconCache(CacheLookup) _createCGImageWithData:UUID:addToCache:]+0xb3
C  [IconServices+0x16ad4]  -[ISIconCache(CacheLookup) _copyCachedCGImageForImageDescriptor:]+0x2ea
C  [IconServices+0x16427]  -[ISIconCache imageWithDescriptor:completion:]+0x78
C  [IconServices+0x1c2c]  _ISCreateCGImageFromBindingWithSizeScaleAndOptions+0xff
C  [IconServices+0x34bb]  _ISPlotIconRefInContext+0x76
C  [ImageKit+0xc745]  IKCGImageFromIconRef+0xeb
C  [ImageKit+0x110e06]  -[IKThumbnailBuilder computeThumbnail]+0x1c5
C  [ImageKit+0x1122ae]  -[IKThumbnailOperation main]+0x21
C  [Foundation+0x45c7a]  -[__NSOperationInternal _start:]+0x28e
C  [Foundation+0x41c64]  __NSOQSchedule_f+0xc2
C  [libdispatch.dylib+0x240b]  _dispatch_client_callout+0x8
C  [libdispatch.dylib+0x703b]  _dispatch_queue_drain+0x2f2
C  [libdispatch.dylib+0xd707]  _dispatch_queue_invoke+0x225
C  [libdispatch.dylib+0x5d53]  _dispatch_root_queue_drain+0x21a
C  [libdispatch.dylib+0x5b00]  _dispatch_worker_thread3+0x5b
C  [libsystem_pthread.dylib+0x34de]  _pthread_wqthread+0x469
C  [libsystem_pthread.dylib+0x1341]  start_wqthread+0xd


---------------  P R O C E S S  ---------------

VM state:not at safepoint (normal execution)

VM Mutex/Monitor currently owned by a thread: None

Heap:
 PSYoungGen      total 76288K, used 26615K [0x000000076ab00000, 0x0000000770000000, 0x00000007c0000000)
  eden space 65536K, 40% used [0x000000076ab00000,0x000000076c4fdfd8,0x000000076eb00000)
  from space 10752K, 0% used [0x000000076f580000,0x000000076f580000,0x0000000770000000)
  to   space 10752K, 0% used [0x000000076eb00000,0x000000076eb00000,0x000000076f580000)
 ParOldGen       total 175104K, used 0K [0x00000006c0000000, 0x00000006cab00000, 0x000000076ab00000)
  object space 175104K, 0% used [0x00000006c0000000,0x00000006c0000000,0x00000006cab00000)
 Metaspace       used 12516K, capacity 12760K, committed 13056K, reserved 1060864K
  class space    used 1597K, capacity 1686K, committed 1792K, reserved 1048576K

Card table byte_map: [0x0000000113962000,0x0000000114163000] byte_map_base: 0x0000000110362000

Marking Bits: (ParMarkBitMap*) 0x0000000103ef0d30
 Begin Bits: [0x00000001146b9000, 0x00000001186b9000)
 End Bits:   [0x00000001186b9000, 0x000000011c6b9000)

Polling page: 0x00000001024a7000

CodeCache: size=245760Kb used=3376Kb max_used=3376Kb free=242383Kb
 bounds [0x00000001045a2000, 0x00000001048f2000, 0x00000001135a2000]
 total_blobs=1546 nmethods=1020 adapters=439
 compilation: enabled

Compilation events (10 events):
Event: 5.676 Thread 0x00007fa81300f800 1015       1       sun.java2d.StateTracker$2::isCurrent (2 bytes)
Event: 5.676 Thread 0x00007fa81300f800 nmethod 1015 0x00000001048ed150 code [0x00000001048ed2a0, 0x00000001048ed3b0]
Event: 5.677 Thread 0x00007fa81300f800 1016       1       java.awt.color.ColorSpace::getNumComponents (5 bytes)
Event: 5.677 Thread 0x00007fa81300f800 nmethod 1016 0x00000001048ed410 code [0x00000001048ed560, 0x00000001048ed670]
Event: 6.036 Thread 0x00007fa81300f800 1017       3       java.lang.invoke.DirectMethodHandle::internalMemberName (8 bytes)
Event: 6.036 Thread 0x00007fa81300f800 nmethod 1017 0x00000001048ed6d0 code [0x00000001048ed840, 0x00000001048eda70]
Event: 6.284 Thread 0x00007fa81300f800 1019       3       sun.lwawt.LWComponentPeer::postEvent (5 bytes)
Event: 6.284 Thread 0x00007fa81300f800 nmethod 1019 0x00000001048ede90 code [0x00000001048ee060, 0x00000001048ee7c8]
Event: 6.284 Thread 0x00007fa81300f800 1020       3       sun.lwawt.LWToolkit::postEvent (12 bytes)
Event: 6.284 Thread 0x00007fa81300f800 nmethod 1020 0x00000001048eeb90 code [0x00000001048eed40, 0x00000001048ef428]

GC Heap History (0 events):
No events

Deoptimization events (2 events):
Event: 1.435 Thread 0x00007fa811921000 Uncommon trap: reason=unstable_if action=reinterpret pc=0x000000010477c460 method=java.lang.CharacterData.of(I)Ljava/lang/CharacterData; @ 4
Event: 4.706 Thread 0x00007fa811921000 Uncommon trap: reason=unstable_if action=reinterpret pc=0x0000000104884d04 method=java.lang.StrictMath.floorOrCeil(DDDD)D @ 115

Internal exceptions (10 events):
Event: 0.027 Thread 0x00007fa811801000 Exception <a 'java/lang/NoSuchMethodError': Method sun.misc.Unsafe.prefetchRead(Ljava/lang/Object;J)V name or signature does not match> (0x000000076ab07f90) thrown at [/Users/java_re/workspace/8-2-build-macosx-x86_64/jdk8u121/8372/hotspot/src/share/vm/pri
Event: 0.089 Thread 0x00007fa811801000 Exception <a 'java/security/PrivilegedActionException'> (0x000000076ab95c38) thrown at [/Users/java_re/workspace/8-2-build-macosx-x86_64/jdk8u121/8372/hotspot/src/share/vm/prims/jvm.cpp, line 1390]
Event: 0.089 Thread 0x00007fa811801000 Exception <a 'java/security/PrivilegedActionException'> (0x000000076ab95e48) thrown at [/Users/java_re/workspace/8-2-build-macosx-x86_64/jdk8u121/8372/hotspot/src/share/vm/prims/jvm.cpp, line 1390]
Event: 0.089 Thread 0x00007fa811801000 Exception <a 'java/security/PrivilegedActionException'> (0x000000076ab99178) thrown at [/Users/java_re/workspace/8-2-build-macosx-x86_64/jdk8u121/8372/hotspot/src/share/vm/prims/jvm.cpp, line 1390]
Event: 0.089 Thread 0x00007fa811801000 Exception <a 'java/security/PrivilegedActionException'> (0x000000076ab99388) thrown at [/Users/java_re/workspace/8-2-build-macosx-x86_64/jdk8u121/8372/hotspot/src/share/vm/prims/jvm.cpp, line 1390]
Event: 0.123 Thread 0x00007fa811801000 Exception <a 'java/lang/NoSuchFieldError': method resolution failed> (0x000000076adaec10) thrown at [/Users/java_re/workspace/8-2-build-macosx-x86_64/jdk8u121/8372/hotspot/src/share/vm/prims/methodHandles.cpp, line 1146]
Event: 0.125 Thread 0x00007fa811801000 Exception <a 'java/lang/NoSuchFieldError': method resolution failed> (0x000000076adbc3e0) thrown at [/Users/java_re/workspace/8-2-build-macosx-x86_64/jdk8u121/8372/hotspot/src/share/vm/prims/methodHandles.cpp, line 1146]
Event: 0.233 Thread 0x00007fa811801000 Exception <a 'java/io/FileNotFoundException'> (0x000000076ae37150) thrown at [/Users/java_re/workspace/8-2-build-macosx-x86_64/jdk8u121/8372/hotspot/src/share/vm/prims/jni.cpp, line 709]
Event: 0.233 Thread 0x00007fa811801000 Exception <a 'java/io/FileNotFoundException'> (0x000000076ae37cd8) thrown at [/Users/java_re/workspace/8-2-build-macosx-x86_64/jdk8u121/8372/hotspot/src/share/vm/prims/jni.cpp, line 709]
Event: 0.629 Thread 0x00007fa811801000 Exception <a 'java/io/FileNotFoundException'> (0x000000076b177358) thrown at [/Users/java_re/workspace/8-2-build-macosx-x86_64/jdk8u121/8372/hotspot/src/share/vm/prims/jni.cpp, line 709]

Events (10 events):
Event: 6.039 loading class sun/lwawt/macosx/CAccessibility$14
Event: 6.039 loading class sun/lwawt/macosx/CAccessibility$14 done
Event: 6.040 loading class sun/lwawt/macosx/CAccessibleText$14
Event: 6.040 loading class sun/lwawt/macosx/CAccessibleText$14 done
Event: 6.041 loading class sun/lwawt/macosx/CAccessibleText$1
Event: 6.041 loading class sun/lwawt/macosx/CAccessibleText$1 done
Event: 6.041 loading class sun/lwawt/macosx/CAccessibleText$5
Event: 6.041 loading class sun/lwawt/macosx/CAccessibleText$5 done
Event: 6.042 loading class sun/lwawt/macosx/CAccessibility$19
Event: 6.042 loading class sun/lwawt/macosx/CAccessibility$19 done


Dynamic libraries:
0x00000000084ac000 	/System/Library/Frameworks/Cocoa.framework/Versions/A/Cocoa
0x00000000084ac000 	/System/Library/Frameworks/Security.framework/Versions/A/Security
0x00000000084ac000 	/System/Library/Frameworks/ApplicationServices.framework/Versions/A/ApplicationServices
0x00000000084ac000 	/usr/lib/libz.1.dylib
0x00000000084ac000 	/usr/lib/libSystem.B.dylib
0x00000000084ac000 	/usr/lib/libobjc.A.dylib
0x00000000084ac000 	/System/Library/Frameworks/CoreFoundation.framework/Versions/A/CoreFoundation
0x00000000084ac000 	/System/Library/Frameworks/Foundation.framework/Versions/C/Foundation
0x00000000084ac000 	/System/Library/Frameworks/AppKit.framework/Versions/C/AppKit
0x00000000084ac000 	/System/Library/Frameworks/CoreData.framework/Versions/A/CoreData
0x00000000084ac000 	/System/Library/PrivateFrameworks/RemoteViewServices.framework/Versions/A/RemoteViewServices
0x00000000084ac000 	/System/Library/PrivateFrameworks/UIFoundation.framework/Versions/A/UIFoundation
0x00000000084ac000 	/usr/lib/libScreenReader.dylib
0x00000000084ac000 	/System/Library/Frameworks/Accelerate.framework/Versions/A/Accelerate
0x00000000084ac000 	/System/Library/Frameworks/IOSurface.framework/Versions/A/IOSurface
0x00000000084ac000 	/System/Library/Frameworks/AudioToolbox.framework/Versions/A/AudioToolbox
0x00000000084ac000 	/System/Library/Frameworks/AudioUnit.framework/Versions/A/AudioUnit
0x00000000084ac000 	/System/Library/PrivateFrameworks/DataDetectorsCore.framework/Versions/A/DataDetectorsCore
0x00000000084ac000 	/System/Library/PrivateFrameworks/DesktopServicesPriv.framework/Versions/A/DesktopServicesPriv
0x00000000084ac000 	/System/Library/Frameworks/Carbon.framework/Versions/A/Frameworks/HIToolbox.framework/Versions/A/HIToolbox
0x00000000084ac000 	/System/Library/Frameworks/QuartzCore.framework/Versions/A/QuartzCore
0x00000000084ac000 	/System/Library/Frameworks/Carbon.framework/Versions/A/Frameworks/SpeechRecognition.framework/Versions/A/SpeechRecognition
0x00000000084ac000 	/usr/lib/libauto.dylib
0x00000000084ac000 	/usr/lib/libicucore.A.dylib
0x00000000084ac000 	/usr/lib/libxml2.2.dylib
0x00000000084ac000 	/System/Library/PrivateFrameworks/CoreUI.framework/Versions/A/CoreUI
0x00000000084ac000 	/System/Library/Frameworks/CoreAudio.framework/Versions/A/CoreAudio
0x00000000084ac000 	/System/Library/Frameworks/DiskArbitration.framework/Versions/A/DiskArbitration
0x00000000084ac000 	/usr/lib/liblangid.dylib
0x00000000084ac000 	/System/Library/PrivateFrameworks/MultitouchSupport.framework/Versions/A/MultitouchSupport
0x00000000084ac000 	/System/Library/Frameworks/IOKit.framework/Versions/A/IOKit
0x00000000084ac000 	/usr/lib/libDiagnosticMessagesClient.dylib
0x00000000084ac000 	/System/Library/Frameworks/CoreServices.framework/Versions/A/CoreServices
0x00000000084ac000 	/System/Library/PrivateFrameworks/PerformanceAnalysis.framework/Versions/A/PerformanceAnalysis
0x00000000084ac000 	/System/Library/PrivateFrameworks/GenerationalStorage.framework/Versions/A/GenerationalStorage
0x00000000084ac000 	/System/Library/Frameworks/OpenGL.framework/Versions/A/OpenGL
0x00000000084ac000 	/System/Library/PrivateFrameworks/Sharing.framework/Versions/A/Sharing
0x00000000084ac000 	/System/Library/Frameworks/CoreGraphics.framework/Versions/A/CoreGraphics
0x00000000084ac000 	/System/Library/Frameworks/CoreImage.framework/Versions/A/CoreImage
0x00000000084ac000 	/System/Library/Frameworks/CoreText.framework/Versions/A/CoreText
0x00000000084ac000 	/System/Library/Frameworks/ImageIO.framework/Versions/A/ImageIO
0x00000000084ac000 	/System/Library/PrivateFrameworks/Backup.framework/Versions/A/Backup
0x00000000084ac000 	/usr/lib/libextension.dylib
0x00000000084ac000 	/usr/lib/libarchive.2.dylib
0x00000000084ac000 	/System/Library/Frameworks/CFNetwork.framework/Versions/A/CFNetwork
0x00000000084ac000 	/System/Library/Frameworks/SystemConfiguration.framework/Versions/A/SystemConfiguration
0x00000000084ac000 	/usr/lib/libCRFSuite.dylib
0x00000000084ac000 	/usr/lib/libc++.1.dylib
0x00000000084ac000 	/usr/lib/libc++abi.dylib
0x00000000084ac000 	/usr/lib/system/libcache.dylib
0x00000000084ac000 	/usr/lib/system/libcommonCrypto.dylib
0x00000000084ac000 	/usr/lib/system/libcompiler_rt.dylib
0x00000000084ac000 	/usr/lib/system/libcopyfile.dylib
0x00000000084ac000 	/usr/lib/system/libcorecrypto.dylib
0x00000000084ac000 	/usr/lib/system/libdispatch.dylib
0x00000000084ac000 	/usr/lib/system/libdyld.dylib
0x00000000084ac000 	/usr/lib/system/libkeymgr.dylib
0x00000000084ac000 	/usr/lib/system/liblaunch.dylib
0x00000000084ac000 	/usr/lib/system/libmacho.dylib
0x00000000084ac000 	/usr/lib/system/libquarantine.dylib
0x00000000084ac000 	/usr/lib/system/libremovefile.dylib
0x00000000084ac000 	/usr/lib/system/libsystem_asl.dylib
0x00000000084ac000 	/usr/lib/system/libsystem_blocks.dylib
0x00000000084ac000 	/usr/lib/system/libsystem_c.dylib
0x00000000084ac000 	/usr/lib/system/libsystem_configuration.dylib
0x00000000084ac000 	/usr/lib/system/libsystem_coreservices.dylib
0x00000000084ac000 	/usr/lib/system/libsystem_coretls.dylib
0x00000000084ac000 	/usr/lib/system/libsystem_dnssd.dylib
0x00000000084ac000 	/usr/lib/system/libsystem_info.dylib
0x00000000084ac000 	/usr/lib/system/libsystem_kernel.dylib
0x00000000084ac000 	/usr/lib/system/libsystem_m.dylib
0x00000000084ac000 	/usr/lib/system/libsystem_malloc.dylib
0x00000000084ac000 	/usr/lib/system/libsystem_network.dylib
0x00000000084ac000 	/usr/lib/system/libsystem_networkextension.dylib
0x00000000084ac000 	/usr/lib/system/libsystem_notify.dylib
0x00000000084ac000 	/usr/lib/system/libsystem_platform.dylib
0x00000000084ac000 	/usr/lib/system/libsystem_pthread.dylib
0x00000000084ac000 	/usr/lib/system/libsystem_sandbox.dylib
0x00000000084ac000 	/usr/lib/system/libsystem_secinit.dylib
0x00000000084ac000 	/usr/lib/system/libsystem_trace.dylib
0x00000000084ac000 	/usr/lib/system/libunc.dylib
0x00000000084ac000 	/usr/lib/system/libunwind.dylib
0x00000000084ac000 	/usr/lib/system/libxpc.dylib
0x00000000084ac000 	/usr/lib/libenergytrace.dylib
0x00000000084ac000 	/usr/lib/libbsm.0.dylib
0x00000000084ac000 	/usr/lib/system/libkxld.dylib
0x00000000084ac000 	/usr/lib/libxar.1.dylib
0x00000000084ac000 	/usr/lib/libsqlite3.dylib
0x00000000084ac000 	/usr/lib/libpam.2.dylib
0x00000000084ac000 	/usr/lib/libOpenScriptingUtil.dylib
0x00000000084ac000 	/usr/lib/libbz2.1.0.dylib
0x00000000084ac000 	/usr/lib/liblzma.5.dylib
0x00000000084ac000 	/System/Library/Frameworks/CoreServices.framework/Versions/A/Frameworks/FSEvents.framework/Versions/A/FSEvents
0x00000000084ac000 	/System/Library/Frameworks/CoreServices.framework/Versions/A/Frameworks/CarbonCore.framework/Versions/A/CarbonCore
0x00000000084ac000 	/System/Library/Frameworks/CoreServices.framework/Versions/A/Frameworks/Metadata.framework/Versions/A/Metadata
0x00000000084ac000 	/System/Library/Frameworks/CoreServices.framework/Versions/A/Frameworks/OSServices.framework/Versions/A/OSServices
0x00000000084ac000 	/System/Library/Frameworks/CoreServices.framework/Versions/A/Frameworks/SearchKit.framework/Versions/A/SearchKit
0x00000000084ac000 	/System/Library/Frameworks/CoreServices.framework/Versions/A/Frameworks/AE.framework/Versions/A/AE
0x00000000084ac000 	/System/Library/Frameworks/CoreServices.framework/Versions/A/Frameworks/LaunchServices.framework/Versions/A/LaunchServices
0x00000000084ac000 	/System/Library/Frameworks/CoreServices.framework/Versions/A/Frameworks/DictionaryServices.framework/Versions/A/DictionaryServices
0x00000000084ac000 	/System/Library/Frameworks/CoreServices.framework/Versions/A/Frameworks/SharedFileList.framework/Versions/A/SharedFileList
0x00000000084ac000 	/System/Library/Frameworks/NetFS.framework/Versions/A/NetFS
0x00000000084ac000 	/System/Library/PrivateFrameworks/NetAuth.framework/Versions/A/NetAuth
0x00000000084ac000 	/System/Library/PrivateFrameworks/login.framework/Versions/A/Frameworks/loginsupport.framework/Versions/A/loginsupport
0x00000000084ac000 	/System/Library/PrivateFrameworks/TCC.framework/Versions/A/TCC
0x00000000084ac000 	/usr/lib/libmecabra.dylib
0x00000000084ac000 	/System/Library/Frameworks/ApplicationServices.framework/Versions/A/Frameworks/ATS.framework/Versions/A/ATS
0x00000000084ac000 	/System/Library/Frameworks/ApplicationServices.framework/Versions/A/Frameworks/ColorSync.framework/Versions/A/ColorSync
0x00000000084ac000 	/System/Library/Frameworks/ApplicationServices.framework/Versions/A/Frameworks/HIServices.framework/Versions/A/HIServices
0x00000000084ac000 	/System/Library/Frameworks/ApplicationServices.framework/Versions/A/Frameworks/LangAnalysis.framework/Versions/A/LangAnalysis
0x00000000084ac000 	/System/Library/Frameworks/ApplicationServices.framework/Versions/A/Frameworks/PrintCore.framework/Versions/A/PrintCore
0x00000000084ac000 	/System/Library/Frameworks/ApplicationServices.framework/Versions/A/Frameworks/QD.framework/Versions/A/QD
0x00000000084ac000 	/System/Library/Frameworks/ApplicationServices.framework/Versions/A/Frameworks/SpeechSynthesis.framework/Versions/A/SpeechSynthesis
0x00000000084ac000 	/System/Library/Frameworks/Metal.framework/Versions/A/Metal
0x00000000084ac000 	/System/Library/Frameworks/Accelerate.framework/Versions/A/Frameworks/vImage.framework/Versions/A/vImage
0x00000000084ac000 	/System/Library/Frameworks/Accelerate.framework/Versions/A/Frameworks/vecLib.framework/Versions/A/vecLib
0x00000000084ac000 	/System/Library/Frameworks/Accelerate.framework/Versions/A/Frameworks/vecLib.framework/Versions/A/libvDSP.dylib
0x00000000084ac000 	/System/Library/Frameworks/Accelerate.framework/Versions/A/Frameworks/vecLib.framework/Versions/A/libvMisc.dylib
0x00000000084ac000 	/System/Library/Frameworks/Accelerate.framework/Versions/A/Frameworks/vecLib.framework/Versions/A/libLAPACK.dylib
0x00000000084ac000 	/System/Library/Frameworks/Accelerate.framework/Versions/A/Frameworks/vecLib.framework/Versions/A/libBLAS.dylib
0x00000000084ac000 	/System/Library/Frameworks/Accelerate.framework/Versions/A/Frameworks/vecLib.framework/Versions/A/libLinearAlgebra.dylib
0x00000000084ac000 	/System/Library/Frameworks/Accelerate.framework/Versions/A/Frameworks/vecLib.framework/Versions/A/libSparseBLAS.dylib
0x00000000084ac000 	/System/Library/PrivateFrameworks/GPUCompiler.framework/libmetal_timestamp.dylib
0x00000000084ac000 	/System/Library/Frameworks/OpenGL.framework/Versions/A/Libraries/libCoreFSCache.dylib
0x00000000084ac000 	/System/Library/PrivateFrameworks/IOAccelerator.framework/Versions/A/IOAccelerator
0x00000000084ac000 	/System/Library/Frameworks/ApplicationServices.framework/Versions/A/Frameworks/ATS.framework/Versions/A/Resources/libFontParser.dylib
0x00000000084ac000 	/System/Library/Frameworks/ApplicationServices.framework/Versions/A/Frameworks/ATS.framework/Versions/A/Resources/libFontRegistry.dylib
0x00000000084ac000 	/System/Library/PrivateFrameworks/AppleVPA.framework/Versions/A/AppleVPA
0x00000000084ac000 	/System/Library/PrivateFrameworks/AppleJPEG.framework/Versions/A/AppleJPEG
0x00000000084ac000 	/System/Library/Frameworks/ImageIO.framework/Versions/A/Resources/libJPEG.dylib
0x00000000084ac000 	/System/Library/Frameworks/ImageIO.framework/Versions/A/Resources/libTIFF.dylib
0x00000000084ac000 	/System/Library/Frameworks/ImageIO.framework/Versions/A/Resources/libPng.dylib
0x00000000084ac000 	/System/Library/Frameworks/ImageIO.framework/Versions/A/Resources/libGIF.dylib
0x00000000084ac000 	/System/Library/Frameworks/ImageIO.framework/Versions/A/Resources/libJP2.dylib
0x00000000084ac000 	/System/Library/Frameworks/ImageIO.framework/Versions/A/Resources/libRadiance.dylib
0x00000000084ac000 	/System/Library/Frameworks/CoreVideo.framework/Versions/A/CoreVideo
0x00000000084ac000 	/System/Library/Frameworks/OpenGL.framework/Versions/A/Libraries/libGLU.dylib
0x00000000084ac000 	/System/Library/Frameworks/OpenGL.framework/Versions/A/Libraries/libGFXShared.dylib
0x00000000084ac000 	/System/Library/Frameworks/OpenGL.framework/Versions/A/Libraries/libGL.dylib
0x00000000084ac000 	/System/Library/Frameworks/OpenGL.framework/Versions/A/Libraries/libGLImage.dylib
0x00000000084ac000 	/System/Library/Frameworks/OpenGL.framework/Versions/A/Libraries/libCVMSPluginSupport.dylib
0x00000000084ac000 	/System/Library/Frameworks/OpenGL.framework/Versions/A/Libraries/libCoreVMClient.dylib
0x00000000084ac000 	/usr/lib/libcompression.dylib
0x00000000084ac000 	/usr/lib/libcups.2.dylib
0x00000000084ac000 	/System/Library/Frameworks/Kerberos.framework/Versions/A/Kerberos
0x00000000084ac000 	/System/Library/Frameworks/GSS.framework/Versions/A/GSS
0x00000000084ac000 	/usr/lib/libresolv.9.dylib
0x00000000084ac000 	/usr/lib/libiconv.2.dylib
0x00000000084ac000 	/System/Library/PrivateFrameworks/Heimdal.framework/Versions/A/Heimdal
0x00000000084ac000 	/usr/lib/libheimdal-asn1.dylib
0x00000000084ac000 	/System/Library/Frameworks/OpenDirectory.framework/Versions/A/OpenDirectory
0x00000000084ac000 	/System/Library/PrivateFrameworks/CommonAuth.framework/Versions/A/CommonAuth
0x00000000084ac000 	/System/Library/Frameworks/OpenDirectory.framework/Versions/A/Frameworks/CFOpenDirectory.framework/Versions/A/CFOpenDirectory
0x00000000084ac000 	/System/Library/Frameworks/SecurityFoundation.framework/Versions/A/SecurityFoundation
0x00000000084ac000 	/System/Library/PrivateFrameworks/LanguageModeling.framework/Versions/A/LanguageModeling
0x00000000084ac000 	/usr/lib/libmarisa.dylib
0x00000000084ac000 	/usr/lib/libChineseTokenizer.dylib
0x00000000084ac000 	/usr/lib/libcmph.dylib
0x00000000084ac000 	/System/Library/Frameworks/ServiceManagement.framework/Versions/A/ServiceManagement
0x00000000084ac000 	/usr/lib/libxslt.1.dylib
0x00000000084ac000 	/System/Library/Frameworks/Carbon.framework/Versions/A/Frameworks/Ink.framework/Versions/A/Ink
0x00000000084ac000 	/usr/lib/libFosl_dynamic.dylib
0x00000000084ac000 	/System/Library/PrivateFrameworks/FaceCore.framework/Versions/A/FaceCore
0x00000000084ac000 	/System/Library/Frameworks/OpenCL.framework/Versions/A/OpenCL
0x00000000084ac000 	/System/Library/PrivateFrameworks/CrashReporterSupport.framework/Versions/A/CrashReporterSupport
0x00000000084ac000 	/System/Library/PrivateFrameworks/IconServices.framework/Versions/A/IconServices
0x00000000084ac000 	/System/Library/PrivateFrameworks/Apple80211.framework/Versions/A/Apple80211
0x00000000084ac000 	/System/Library/Frameworks/CoreWLAN.framework/Versions/A/CoreWLAN
0x00000000084ac000 	/System/Library/Frameworks/IOBluetooth.framework/Versions/A/IOBluetooth
0x00000000084ac000 	/System/Library/PrivateFrameworks/CoreWiFi.framework/Versions/A/CoreWiFi
0x00000000084ac000 	/System/Library/Frameworks/CoreBluetooth.framework/Versions/A/CoreBluetooth
0x00000000084ac000 	/System/Library/PrivateFrameworks/ChunkingLibrary.framework/Versions/A/ChunkingLibrary
0x00000000084ac000 	/System/Library/PrivateFrameworks/DebugSymbols.framework/Versions/A/DebugSymbols
0x00000000084ac000 	/System/Library/PrivateFrameworks/CoreSymbolication.framework/Versions/A/CoreSymbolication
0x00000000084ac000 	/System/Library/PrivateFrameworks/Symbolication.framework/Versions/A/Symbolication
0x00000000084ac000 	/System/Library/PrivateFrameworks/SpeechRecognitionCore.framework/Versions/A/SpeechRecognitionCore
0x0000000103600000 	/Library/Java/JavaVirtualMachines/jdk1.8.0_121.jdk/Contents/Home/jre/lib/server/libjvm.dylib
0x00000000084ac000 	/usr/lib/libstdc++.6.dylib
0x0000000102464000 	/Library/Java/JavaVirtualMachines/jdk1.8.0_121.jdk/Contents/Home/jre/lib/libverify.dylib
0x0000000102472000 	/Library/Java/JavaVirtualMachines/jdk1.8.0_121.jdk/Contents/Home/jre/lib/libjava.dylib
0x00000001024b1000 	/Library/Java/JavaVirtualMachines/jdk1.8.0_121.jdk/Contents/Home/jre/lib/libzip.dylib
0x000000011f514000 	/System/Library/Frameworks/JavaVM.framework/Frameworks/JavaRuntimeSupport.framework/JavaRuntimeSupport
0x000000011f52f000 	/System/Library/Frameworks/JavaVM.framework/Versions/A/Frameworks/JavaNativeFoundation.framework/Versions/A/JavaNativeFoundation
0x000000011f544000 	/System/Library/Frameworks/JavaVM.framework/Versions/A/JavaVM
0x00000000084ac000 	/System/Library/Frameworks/Carbon.framework/Versions/A/Carbon
0x000000011f551000 	/System/Library/PrivateFrameworks/JavaLaunching.framework/Versions/A/JavaLaunching
0x00000000084ac000 	/System/Library/Frameworks/Carbon.framework/Versions/A/Frameworks/CommonPanels.framework/Versions/A/CommonPanels
0x00000000084ac000 	/System/Library/Frameworks/Carbon.framework/Versions/A/Frameworks/Help.framework/Versions/A/Help
0x00000000084ac000 	/System/Library/Frameworks/Carbon.framework/Versions/A/Frameworks/ImageCapture.framework/Versions/A/ImageCapture
0x00000000084ac000 	/System/Library/Frameworks/Carbon.framework/Versions/A/Frameworks/OpenScripting.framework/Versions/A/OpenScripting
0x00000000084ac000 	/System/Library/Frameworks/Carbon.framework/Versions/A/Frameworks/Print.framework/Versions/A/Print
0x00000000084ac000 	/System/Library/Frameworks/Carbon.framework/Versions/A/Frameworks/SecurityHI.framework/Versions/A/SecurityHI
0x0000000120e76000 	/Library/Java/JavaVirtualMachines/jdk1.8.0_121.jdk/Contents/Home/jre/lib/libawt.dylib
0x0000000120f1e000 	/Library/Java/JavaVirtualMachines/jdk1.8.0_121.jdk/Contents/Home/jre/lib/./libmlib_image.dylib
0x0000000120fea000 	/Library/Java/JavaVirtualMachines/jdk1.8.0_121.jdk/Contents/Home/jre/lib/libawt_lwawt.dylib
0x00000001210a1000 	/Library/Java/JavaVirtualMachines/jdk1.8.0_121.jdk/Contents/Home/jre/lib/./libosxapp.dylib
0x00000000084ac000 	/System/Library/Frameworks/ExceptionHandling.framework/Versions/A/ExceptionHandling
0x00000000084ac000 	/System/Library/PrivateFrameworks/CoreServicesInternal.framework/Versions/A/CoreServicesInternal
0x00000000084ac000 	/System/Library/Frameworks/CoreGraphics.framework/Versions/A/Resources/libRIP.A.dylib
0x00000000084ac000 	/System/Library/Frameworks/Accelerate.framework/Versions/A/Frameworks/vImage.framework/Versions/A/Libraries/libCGInterfaces.dylib
0x00000000084ac000 	/System/Library/Frameworks/CoreGraphics.framework/Versions/A/Resources/libCGXType.A.dylib
0x00000000084ac000 	/System/Library/Frameworks/OpenCL.framework/Versions/A/Libraries/libcldcpuengine.dylib
0x00000000084ac000 	/System/Library/PrivateFrameworks/DiskImages.framework/Versions/A/DiskImages
0x00000000084ac000 	/System/Library/Frameworks/DiscRecording.framework/Versions/A/DiscRecording
0x00000000084ac000 	/usr/lib/libcsfde.dylib
0x00000000084ac000 	/usr/lib/libcurl.4.dylib
0x00000000084ac000 	/System/Library/PrivateFrameworks/MediaKit.framework/Versions/A/MediaKit
0x00000000084ac000 	/System/Library/PrivateFrameworks/ProtectedCloudStorage.framework/Versions/A/ProtectedCloudStorage
0x00000000084ac000 	/usr/lib/libCoreStorage.dylib
0x00000000084ac000 	/System/Library/PrivateFrameworks/EFILogin.framework/Versions/A/EFILogin
0x00000000084ac000 	/usr/lib/libutil.dylib
0x00000000084ac000 	/System/Library/PrivateFrameworks/FindMyDevice.framework/Versions/A/FindMyDevice
0x00000000084ac000 	/System/Library/Frameworks/LDAP.framework/Versions/A/LDAP
0x00000000084ac000 	/usr/lib/libsasl2.2.dylib
0x00000000084ac000 	/System/Library/PrivateFrameworks/CoreDaemon.framework/Versions/B/CoreDaemon
0x00000000084ac000 	/usr/lib/libcrypto.0.9.8.dylib
0x00000000084ac000 	/System/Library/PrivateFrameworks/AppleSRP.framework/Versions/A/AppleSRP
0x00000000084ac000 	/System/Library/PrivateFrameworks/TrustEvaluationAgent.framework/Versions/A/TrustEvaluationAgent
0x0000000121e52000 	cl_kernels
0x00000000084ac000 	/System/Library/Frameworks/OpenCL.framework/Versions/A/Libraries/ImageFormats/unorm8_bgra.dylib
0x00000000084ac000 	/System/Library/Frameworks/OpenCL.framework/Versions/A/Libraries/ImageFormats/unorm8_rgba.dylib
0x00000000084ac000 	/System/Library/PrivateFrameworks/FamilyControls.framework/Versions/A/FamilyControls
0x00000000084ac000 	/System/Library/PrivateFrameworks/CommerceKit.framework/Versions/A/Frameworks/CommerceCore.framework/Versions/A/CommerceCore
0x00000000084ac000 	/System/Library/PrivateFrameworks/SystemAdministration.framework/Versions/A/SystemAdministration
0x00000000084ac000 	/System/Library/PrivateFrameworks/AppContainer.framework/Versions/A/AppContainer
0x00000000084ac000 	/System/Library/PrivateFrameworks/SecCodeWrapper.framework/Versions/A/SecCodeWrapper
0x00000000084ac000 	/System/Library/Frameworks/DirectoryService.framework/Versions/A/DirectoryService
0x00000000084ac000 	/System/Library/PrivateFrameworks/LoginUIKit.framework/Versions/A/Frameworks/LoginUICore.framework/Versions/A/LoginUICore
0x00000000084ac000 	/usr/lib/libodfde.dylib
0x00000000084ac000 	/System/Library/Frameworks/OpenGL.framework/Versions/A/Resources/GLEngine.bundle/GLEngine
0x00000000084ac000 	/System/Library/Frameworks/OpenGL.framework/Versions/A/Libraries/libGLProgrammability.dylib
0x0000000123efc000 	/System/Library/Extensions/AppleIntelHD5000GraphicsGLDriver.bundle/Contents/MacOS/AppleIntelHD5000GraphicsGLDriver
0x00000000084ac000 	/System/Library/PrivateFrameworks/GPUSupport.framework/Versions/A/Libraries/libGPUSupportMercury.dylib
0x000000012464b000 	/System/Library/Extensions/AMDRadeonX4000GLDriver.bundle/Contents/MacOS/AMDRadeonX4000GLDriver
0x0000000124717000 	/System/Library/Extensions/AMDRadeonX4000GLDriver.bundle/Contents/MacOS/ATIRadeonX4000SCLib.dylib
0x00000000084ac000 	/System/Library/Frameworks/OpenGL.framework/Versions/A/Resources/GLRendererFloat.bundle/GLRendererFloat
0x0000000124d8b000 	/Library/Java/JavaVirtualMachines/jdk1.8.0_121.jdk/Contents/Home/jre/lib/libfontmanager.dylib
0x0000000124df2000 	/Library/Java/JavaVirtualMachines/jdk1.8.0_121.jdk/Contents/Home/jre/lib/libosxui.dylib
0x000000012cd96000 	/System/Library/Extensions/AMDMTLBronzeDriver.bundle/Contents/MacOS/AMDMTLBronzeDriver
0x00000000084ac000 	/System/Library/PrivateFrameworks/IOAccelMemoryInfo.framework/Versions/A/IOAccelMemoryInfo
0x000000012cedd000 	/System/Library/Extensions/AppleIntelHD5000GraphicsMTLDriver.bundle/Contents/MacOS/AppleIntelHD5000GraphicsMTLDriver
0x000000012da44000 	/Library/Java/JavaVirtualMachines/jdk1.8.0_121.jdk/Contents/Home/jre/lib/libnet.dylib
0x000000012d9d0000 	/Library/Java/JavaVirtualMachines/jdk1.8.0_121.jdk/Contents/Home/jre/lib/libnio.dylib
0x00000000084ac000 	/System/Library/Frameworks/ApplicationServices.framework/Versions/A/Frameworks/ATS.framework/Versions/A/Resources/libTrueTypeScaler.dylib
0x000000012ae6d000 	/Library/Java/JavaVirtualMachines/jdk1.8.0_121.jdk/Contents/Home/jre/lib/libdcpr.dylib
0x00000000084ac000 	/System/Library/PrivateFrameworks/FinderKit.framework/Versions/A/FinderKit
0x00000000084ac000 	/System/Library/Frameworks/Quartz.framework/Versions/A/Frameworks/QuickLookUI.framework/Versions/A/QuickLookUI
0x00000000084ac000 	/System/Library/Frameworks/Quartz.framework/Versions/A/Frameworks/ImageKit.framework/Versions/A/ImageKit
0x00000000084ac000 	/System/Library/PrivateFrameworks/Bom.framework/Versions/A/Bom
0x00000000084ac000 	/System/Library/Frameworks/QuickLook.framework/Versions/A/QuickLook
0x00000000084ac000 	/System/Library/PrivateFrameworks/Suggestions.framework/Versions/A/Suggestions
0x00000000084ac000 	/System/Library/PrivateFrameworks/AppleSystemInfo.framework/Versions/A/AppleSystemInfo
0x00000000084ac000 	/System/Library/Frameworks/ImageCaptureCore.framework/Versions/A/ImageCaptureCore
0x00000000084ac000 	/System/Library/PrivateFrameworks/SafariServices.framework/Versions/A/SafariServices
0x00000000084ac000 	/usr/lib/libspindump.dylib
0x00000000084ac000 	/System/Library/Frameworks/QTKit.framework/Versions/A/QTKit
0x00000000084ac000 	/System/Library/PrivateFrameworks/ViewBridge.framework/Versions/A/ViewBridge
0x00000000084ac000 	/System/Library/PrivateFrameworks/XPCService.framework/Versions/A/XPCService
0x00000000084ac000 	/System/Library/PrivateFrameworks/AppSandbox.framework/Versions/A/AppSandbox
0x00000000084ac000 	/usr/lib/libsandbox.1.dylib
0x00000000084ac000 	/usr/lib/libMatch.1.dylib
0x00000000084ac000 	/System/Library/Frameworks/AVFoundation.framework/Versions/A/AVFoundation
0x00000000084ac000 	/System/Library/Frameworks/CoreMedia.framework/Versions/A/CoreMedia
0x00000000084ac000 	/System/Library/Frameworks/MediaToolbox.framework/Versions/A/MediaToolbox
0x00000000084ac000 	/System/Library/Frameworks/VideoToolbox.framework/Versions/A/VideoToolbox
0x00000000084ac000 	/System/Library/PrivateFrameworks/CoreMediaAuthoring.framework/Versions/A/CoreMediaAuthoring
0x00000000084ac000 	/System/Library/Frameworks/CoreMediaIO.framework/Versions/A/CoreMediaIO
0x00000000084ac000 	/System/Library/Frameworks/AVFoundation.framework/Versions/A/Resources/libAVFAudio.dylib
0x00000000084ac000 	/System/Library/PrivateFrameworks/CoreAVCHD.framework/Versions/A/CoreAVCHD
0x00000000084ac000 	/System/Library/Frameworks/MediaAccessibility.framework/Versions/A/MediaAccessibility
0x00000000084ac000 	/System/Library/PrivateFrameworks/Mangrove.framework/Versions/A/Mangrove
0x00000000084ac000 	/System/Library/PrivateFrameworks/CoreAUC.framework/Versions/A/CoreAUC
0x00000000084ac000 	/System/Library/PrivateFrameworks/AppleVA.framework/Versions/A/AppleVA
0x00000000084ac000 	/System/Library/PrivateFrameworks/DisplayServices.framework/Versions/A/DisplayServices
0x00000000084ac000 	/System/Library/Frameworks/Quartz.framework/Versions/A/Frameworks/PDFKit.framework/Versions/A/PDFKit
0x00000000084ac000 	/System/Library/Frameworks/Quartz.framework/Versions/A/Frameworks/QuartzComposer.framework/Versions/A/QuartzComposer
0x00000000084ac000 	/System/Library/Frameworks/Quartz.framework/Versions/A/Frameworks/QuartzFilters.framework/Versions/A/QuartzFilters
0x00000000084ac000 	/System/Library/PrivateFrameworks/CorePDF.framework/Versions/A/CorePDF
0x00000000084ac000 	/System/Library/Frameworks/JavaScriptCore.framework/Versions/A/JavaScriptCore
0x00000000084ac000 	/System/Library/PrivateFrameworks/AppleFSCompression.framework/Versions/A/AppleFSCompression
0x00000000084ac000 	/System/Library/Frameworks/AddressBook.framework/Versions/A/AddressBook
0x00000000084ac000 	/System/Library/PrivateFrameworks/ContactsPersistence.framework/Versions/A/ContactsPersistence
0x00000000084ac000 	/System/Library/PrivateFrameworks/ContactsFoundation.framework/Versions/A/ContactsFoundation
0x00000000084ac000 	/System/Library/PrivateFrameworks/vCard.framework/Versions/A/vCard
0x00000000084ac000 	/System/Library/PrivateFrameworks/IntlPreferences.framework/Versions/A/IntlPreferences
0x00000000084ac000 	/System/Library/PrivateFrameworks/ToneLibrary.framework/Versions/A/ToneLibrary
0x00000000084ac000 	/System/Library/PrivateFrameworks/ToneKit.framework/Versions/A/ToneKit
0x00000000084ac000 	/System/Library/PrivateFrameworks/ApplePushService.framework/Versions/A/ApplePushService
0x00000000084ac000 	/System/Library/Frameworks/SecurityInterface.framework/Versions/A/SecurityInterface
0x00000000084ac000 	/System/Library/PrivateFrameworks/PhoneNumbers.framework/Versions/A/PhoneNumbers
0x00000000084ac000 	/System/Library/Frameworks/Quartz.framework/Versions/A/Quartz
0x00000000084ac000 	/System/Library/PrivateFrameworks/CloudDocs.framework/Versions/A/CloudDocs
0x00000000084ac000 	/System/Library/PrivateFrameworks/CoreDuet.framework/Versions/A/CoreDuet
0x00000000084ac000 	/System/Library/Frameworks/CloudKit.framework/Versions/A/CloudKit
0x00000000084ac000 	/System/Library/PrivateFrameworks/ProtocolBuffer.framework/Versions/A/ProtocolBuffer
0x00000000084ac000 	/System/Library/PrivateFrameworks/CoreDuetDaemonProtocol.framework/Versions/A/CoreDuetDaemonProtocol
0x00000000084ac000 	/System/Library/PrivateFrameworks/CoreDuetDebugLogging.framework/Versions/A/CoreDuetDebugLogging
0x00000000084ac000 	/System/Library/PrivateFrameworks/MMCS.framework/Versions/A/MMCS
0x00000000084ac000 	/System/Library/Frameworks/CoreLocation.framework/Versions/A/CoreLocation
0x00000000084ac000 	/System/Library/PrivateFrameworks/AssetCacheServices.framework/Versions/A/AssetCacheServices
0x00000000084ac000 	/System/Library/PrivateFrameworks/GeoServices.framework/Versions/A/GeoServices
0x00000000084ac000 	/System/Library/PrivateFrameworks/PlugInKit.framework/Versions/A/PlugInKit
0x00000000084ac000 	/System/Library/PrivateFrameworks/iLifeMediaBrowser.framework/Versions/A/iLifeMediaBrowser
0x00000000084ac000 	/System/Library/Frameworks/AVKit.framework/Versions/A/AVKit
0x00000000084ac000 	/System/Library/CoreServices/RawCamera.bundle/Contents/MacOS/RawCamera
0x00000000084ac000 	/System/Library/PrivateFrameworks/CacheDelete.framework/Versions/A/CacheDelete
0x000000012d864000 	/System/Library/Frameworks/Security.framework/PlugIns/csparser.bundle/Contents/MacOS/csparser

VM Arguments:
jvm_args: -Dfile.encoding=UTF-8 
java_command: Frame.MachineLearningToolBox
java_class_path (initial): /Users/Jiangning/Documents/eclipse/workspace/ACES_v4/bin:/Users/Jiangning/Documents/eclipse/workspace/ACES_v4/lib/jmathplot.jar:/Users/Jiangning/Documents/eclipse/workspace/ACES_v4/lib/jmathio.jar:/Users/Jiangning/Documents/eclipse/workspace/ACES_v4/lib/batik-svggen.jar:/Users/Jiangning/Documents/eclipse/workspace/ACES_v4/lib/batik-dom-1.7.jar:/Users/Jiangning/Documents/eclipse/workspace/ACES_v4/lib/freehep.jar
Launcher Type: SUN_STANDARD

Environment Variables:
PATH=/usr/bin:/bin:/usr/sbin:/sbin
SHELL=/bin/bash
DISPLAY=/private/tmp/com.apple.launchd.lMOhoI1Iak/org.macosforge.xquartz:0

Signal Handlers:
SIGSEGV: [libjvm.dylib+0x5b1141], sa_mask[0]=11111111011111110111111111111111, sa_flags=SA_ONSTACK|SA_RESTART|SA_SIGINFO
SIGBUS: [libjvm.dylib+0x5b1141], sa_mask[0]=11111111011111110111111111111111, sa_flags=SA_RESTART|SA_SIGINFO
SIGFPE: [libjvm.dylib+0x487bc4], sa_mask[0]=11111111011111110111111111111111, sa_flags=SA_RESTART|SA_SIGINFO
SIGPIPE: [libjvm.dylib+0x487bc4], sa_mask[0]=11111111011111110111111111111111, sa_flags=SA_RESTART|SA_SIGINFO
SIGXFSZ: [libjvm.dylib+0x487bc4], sa_mask[0]=11111111011111110111111111111111, sa_flags=SA_RESTART|SA_SIGINFO
SIGILL: [libjvm.dylib+0x487bc4], sa_mask[0]=11111111011111110111111111111111, sa_flags=SA_RESTART|SA_SIGINFO
SIGUSR1: SIG_DFL, sa_mask[0]=00000000000000000000000000000000, sa_flags=none
SIGUSR2: [libjvm.dylib+0x4876e2], sa_mask[0]=00100000000000000000000000000000, sa_flags=SA_RESTART|SA_SIGINFO
SIGHUP: [libjvm.dylib+0x485cb9], sa_mask[0]=11111111011111110111111111111111, sa_flags=SA_RESTART|SA_SIGINFO
SIGINT: [libjvm.dylib+0x485cb9], sa_mask[0]=11111111011111110111111111111111, sa_flags=SA_RESTART|SA_SIGINFO
SIGTERM: [libjvm.dylib+0x485cb9], sa_mask[0]=11111111011111110111111111111111, sa_flags=SA_RESTART|SA_SIGINFO
SIGQUIT: [libjvm.dylib+0x485cb9], sa_mask[0]=11111111011111110111111111111111, sa_flags=SA_RESTART|SA_SIGINFO


---------------  S Y S T E M  ---------------

OS:Bsduname:Darwin 15.6.0 Darwin Kernel Version 15.6.0: Fri Feb 17 10:21:18 PST 2017; root:xnu-3248.60.11.4.1~1/RELEASE_X86_64 x86_64
rlimit: STACK 8192k, CORE 0k, NPROC 709, NOFILE 10240, AS infinity
load average:1.86 1.97 1.81

CPU:total 8 (4 cores per cpu, 2 threads per core) family 6 model 70 stepping 1, cmov, cx8, fxsr, mmx, sse, sse2, sse3, ssse3, sse4.1, sse4.2, popcnt, avx, avx2, aes, clmul, erms, lzcnt, ht, tsc, tscinvbit, bmi1, bmi2

Memory: 4k page, physical 16777216k(1283756k free)

/proc/meminfo:


vm_info: Java HotSpot(TM) 64-Bit Server VM (25.121-b13) for bsd-amd64 JRE (1.8.0_121-b13), built on Dec 12 2016 20:39:32 by "java_re" with gcc 4.2.1 (Based on Apple Inc. build 5658) (LLVM build 2336.11.00)

time: Mon May 22 14:49:54 2017
elapsed time: 6 seconds (0d 0h 0m 6s)

